<?xml version="1.0" encoding="UTF-8"?>
<!-- Generated by org.testng.reporters.JUnitXMLReporter -->
<testsuite hostname="ZAUSVDISUBISWAS" name="BPA Report Demo 1" tests="18" failures="0" timestamp="3 Feb 2017 09:03:05 GMT" time="11.059" errors="0">
  <testcase name="" time="0.175" classname="com.poc.ReportingStructure.BPA_Smoke_Login_TC001"/>
  <testcase name="" time="4.497" classname="com.poc.ReportingStructure.BPA_Smoke_Login_TC001"/>
  <testcase name="" time="0.993" classname="com.poc.ReportingStructure.BPA_Smoke_Login_TC001"/>
  <testcase name="" time="0.064" classname="com.poc.ReportingStructure.BPA_Smoke_Login_TC001"/>
  <testcase name="" time="0.338" classname="com.poc.ReportingStructure.BPA_Smoke_Login_TC001"/>
  <testcase name="" time="0.277" classname="com.poc.ReportingStructure.BPA_Smoke_Login_TC001"/>
  <testcase name="" time="0.437" classname="com.poc.ReportingStructure.BPA_Smoke_Login_TC001"/>
  <testcase name="" time="0.336" classname="com.poc.ReportingStructure.BPA_Smoke_Login_TC001"/>
  <testcase name="" time="0.231" classname="com.poc.ReportingStructure.BPA_Smoke_Login_TC001"/>
  <testcase name="" time="0.293" classname="com.poc.ReportingStructure.BPA_Smoke_Login_TC001"/>
  <testcase name="" time="0.339" classname="com.poc.ReportingStructure.BPA_Smoke_Login_TC001"/>
  <testcase name="" time="0.228" classname="com.poc.ReportingStructure.BPA_Smoke_Login_TC001"/>
  <testcase name="" time="0.072" classname="com.poc.ReportingStructure.BPA_Smoke_Login_TC001"/>
  <testcase name="" time="0.5" classname="com.poc.ReportingStructure.BPA_Smoke_Login_TC001"/>
  <testcase name="" time="1.954" classname="com.poc.ReportingStructure.BPA_Smoke_Login_TC001"/>
  <testcase name="" time="0.002" classname="com.poc.ReportingStructure.BPA_Smoke_Login_TC001"/>
  <testcase name="" time="0.0" classname="com.poc.ReportingStructure.BPA_Smoke_Login_TC001"/>
  <testcase name="" time="0.001" classname="com.poc.ReportingStructure.BPA_Smoke_Login_TC001"/>
</testsuite> <!-- BPA Report Demo 1 -->
