<?xml version="1.0" encoding="UTF-8"?>
<testng-results skipped="0" failed="0" total="18" passed="18">
  <reporter-output>
  </reporter-output>
  <suite name="BPA Reporting POC" duration-ms="11059" started-at="2017-02-03T09:02:54Z" finished-at="2017-02-03T09:03:05Z">
    <groups>
      <group name="all">
        <method signature="BPA_Smoke_Login_TC001.verify_execution(java.util.Map)[pri:0, instance:com.poc.ReportingStructure.BPA_Smoke_Login_TC001@3abbfa04]" name="verify_execution" class="com.poc.ReportingStructure.BPA_Smoke_Login_TC001"/>
      </group> <!-- all -->
      <group name="chrome">
        <method signature="BPA_Smoke_Login_TC001.verify_execution(java.util.Map)[pri:0, instance:com.poc.ReportingStructure.BPA_Smoke_Login_TC001@3abbfa04]" name="verify_execution" class="com.poc.ReportingStructure.BPA_Smoke_Login_TC001"/>
      </group> <!-- chrome -->
      <group name="firefox">
        <method signature="BPA_Smoke_Login_TC001.verify_execution(java.util.Map)[pri:0, instance:com.poc.ReportingStructure.BPA_Smoke_Login_TC001@3abbfa04]" name="verify_execution" class="com.poc.ReportingStructure.BPA_Smoke_Login_TC001"/>
      </group> <!-- firefox -->
      <group name="ie">
        <method signature="BPA_Smoke_Login_TC001.verify_execution(java.util.Map)[pri:0, instance:com.poc.ReportingStructure.BPA_Smoke_Login_TC001@3abbfa04]" name="verify_execution" class="com.poc.ReportingStructure.BPA_Smoke_Login_TC001"/>
      </group> <!-- ie -->
    </groups>
    <test name="BPA Report Demo 1" duration-ms="11059" started-at="2017-02-03T09:02:54Z" finished-at="2017-02-03T09:03:05Z">
      <class name="intialize.Prerequsite">
        <test-method status="PASS" signature="initialize(org.testng.ITestContext)[pri:0, instance:intialize.Prerequsite@239963d8]" name="initialize" is-config="true" duration-ms="472" started-at="2017-02-03T14:32:53Z" finished-at="2017-02-03T14:32:54Z">
          <params>
            <param index="0">
              <value>
                <![CDATA[org.testng.TestRunner@4442fa6c]]>
              </value>
            </param>
          </params>
          <reporter-output>
          </reporter-output>
        </test-method> <!-- initialize -->
        <test-method status="PASS" signature="ending()[pri:0, instance:intialize.Prerequsite@239963d8]" name="ending" is-config="true" duration-ms="18" started-at="2017-02-03T14:33:05Z" finished-at="2017-02-03T14:33:05Z">
          <reporter-output>
          </reporter-output>
        </test-method> <!-- ending -->
      </class> <!-- intialize.Prerequsite -->
      <class name="com.poc.ReportingStructure.BPA_Smoke_Login_TC001">
        <test-method status="PASS" signature="verify_execution(java.util.Map)[pri:0, instance:com.poc.ReportingStructure.BPA_Smoke_Login_TC001@3abbfa04]" test-instance-name="" name="verify_execution" duration-ms="175" started-at="2017-02-03T14:32:54Z" finished-at="2017-02-03T14:32:54Z">
          <params>
            <param index="0">
              <value>
                <![CDATA[{Machine=localhost, Browser=Firefox, TC_ID=BPA_Smoke_Login_TC001, Keyword=START, Object_Name=, Object_Type=, Value=, Running_Flag=Y, Description=Start execution}]]>
              </value>
            </param>
          </params>
          <reporter-output>
          </reporter-output>
        </test-method> <!-- verify_execution -->
        <test-method status="PASS" signature="verify_execution(java.util.Map)[pri:0, instance:com.poc.ReportingStructure.BPA_Smoke_Login_TC001@3abbfa04]" test-instance-name="" name="verify_execution" duration-ms="4497" started-at="2017-02-03T14:32:54Z" finished-at="2017-02-03T14:32:59Z">
          <params>
            <param index="0">
              <value>
                <![CDATA[{Machine=, Browser=, TC_ID=, Keyword=LAUNCH, Object_Name=, Object_Type=, Value=Firefox, Running_Flag=Y, Description=Launching firefox}]]>
              </value>
            </param>
          </params>
          <reporter-output>
          </reporter-output>
        </test-method> <!-- verify_execution -->
        <test-method status="PASS" signature="verify_execution(java.util.Map)[pri:0, instance:com.poc.ReportingStructure.BPA_Smoke_Login_TC001@3abbfa04]" test-instance-name="" name="verify_execution" duration-ms="993" started-at="2017-02-03T14:32:59Z" finished-at="2017-02-03T14:33:00Z">
          <params>
            <param index="0">
              <value>
                <![CDATA[{Machine=, Browser=, TC_ID=, Keyword=GO_TO_URL, Object_Name=url, Object_Type=, Value=, Running_Flag=Y, Description=Navigate to BPA url}]]>
              </value>
            </param>
          </params>
          <reporter-output>
          </reporter-output>
        </test-method> <!-- verify_execution -->
        <test-method status="PASS" signature="verify_execution(java.util.Map)[pri:0, instance:com.poc.ReportingStructure.BPA_Smoke_Login_TC001@3abbfa04]" test-instance-name="" name="verify_execution" duration-ms="64" started-at="2017-02-03T14:33:00Z" finished-at="2017-02-03T14:33:00Z">
          <params>
            <param index="0">
              <value>
                <![CDATA[{Machine=, Browser=, TC_ID=, Keyword=WAIT_FOR_PAGE_TO_LOAD, Object_Name=, Object_Type=, Value=, Running_Flag=Y, Description=waiting for page to load}]]>
              </value>
            </param>
          </params>
          <reporter-output>
          </reporter-output>
        </test-method> <!-- verify_execution -->
        <test-method status="PASS" signature="verify_execution(java.util.Map)[pri:0, instance:com.poc.ReportingStructure.BPA_Smoke_Login_TC001@3abbfa04]" test-instance-name="" name="verify_execution" duration-ms="338" started-at="2017-02-03T14:33:00Z" finished-at="2017-02-03T14:33:00Z">
          <params>
            <param index="0">
              <value>
                <![CDATA[{Machine=, Browser=, TC_ID=, Keyword=VERIFY_ELEMENT_DISPLAYED, Object_Name=loginPanel, Object_Type=id, Value=, Running_Flag=Y, Description=Verify display of login panel}]]>
              </value>
            </param>
          </params>
          <reporter-output>
          </reporter-output>
        </test-method> <!-- verify_execution -->
        <test-method status="PASS" signature="verify_execution(java.util.Map)[pri:0, instance:com.poc.ReportingStructure.BPA_Smoke_Login_TC001@3abbfa04]" test-instance-name="" name="verify_execution" duration-ms="277" started-at="2017-02-03T14:33:00Z" finished-at="2017-02-03T14:33:00Z">
          <params>
            <param index="0">
              <value>
                <![CDATA[{Machine=, Browser=, TC_ID=, Keyword=SET_TEXT, Object_Name=username, Object_Type=id, Value=user_name, Running_Flag=Y, Description=Entering username}]]>
              </value>
            </param>
          </params>
          <reporter-output>
          </reporter-output>
        </test-method> <!-- verify_execution -->
        <test-method status="PASS" signature="verify_execution(java.util.Map)[pri:0, instance:com.poc.ReportingStructure.BPA_Smoke_Login_TC001@3abbfa04]" test-instance-name="" name="verify_execution" duration-ms="437" started-at="2017-02-03T14:33:00Z" finished-at="2017-02-03T14:33:01Z">
          <params>
            <param index="0">
              <value>
                <![CDATA[{Machine=, Browser=, TC_ID=, Keyword=SET_TEXT, Object_Name=password, Object_Type=id, Value=user_pwd, Running_Flag=Y, Description=Entering password}]]>
              </value>
            </param>
          </params>
          <reporter-output>
          </reporter-output>
        </test-method> <!-- verify_execution -->
        <test-method status="PASS" signature="verify_execution(java.util.Map)[pri:0, instance:com.poc.ReportingStructure.BPA_Smoke_Login_TC001@3abbfa04]" test-instance-name="" name="verify_execution" duration-ms="336" started-at="2017-02-03T14:33:01Z" finished-at="2017-02-03T14:33:01Z">
          <params>
            <param index="0">
              <value>
                <![CDATA[{Machine=, Browser=, TC_ID=, Keyword=CLICK_BUTTON, Object_Name=signin, Object_Type=id, Value=, Running_Flag=Y, Description=Clicking signin button}]]>
              </value>
            </param>
          </params>
          <reporter-output>
          </reporter-output>
        </test-method> <!-- verify_execution -->
        <test-method status="PASS" signature="verify_execution(java.util.Map)[pri:0, instance:com.poc.ReportingStructure.BPA_Smoke_Login_TC001@3abbfa04]" test-instance-name="" name="verify_execution" duration-ms="231" started-at="2017-02-03T14:33:01Z" finished-at="2017-02-03T14:33:01Z">
          <params>
            <param index="0">
              <value>
                <![CDATA[{Machine=, Browser=, TC_ID=, Keyword=WAIT_FOR_PAGE_TO_LOAD, Object_Name=, Object_Type=, Value=, Running_Flag=Y, Description=waiting for page to load}]]>
              </value>
            </param>
          </params>
          <reporter-output>
          </reporter-output>
        </test-method> <!-- verify_execution -->
        <test-method status="PASS" signature="verify_execution(java.util.Map)[pri:0, instance:com.poc.ReportingStructure.BPA_Smoke_Login_TC001@3abbfa04]" test-instance-name="" name="verify_execution" duration-ms="293" started-at="2017-02-03T14:33:01Z" finished-at="2017-02-03T14:33:02Z">
          <params>
            <param index="0">
              <value>
                <![CDATA[{Machine=, Browser=, TC_ID=, Keyword=VERIFY_ELEMENT_DISPLAYED, Object_Name=logout, Object_Type=class, Value=, Running_Flag=Y, Description=Verify display of home page}]]>
              </value>
            </param>
          </params>
          <reporter-output>
          </reporter-output>
        </test-method> <!-- verify_execution -->
        <test-method status="PASS" signature="verify_execution(java.util.Map)[pri:0, instance:com.poc.ReportingStructure.BPA_Smoke_Login_TC001@3abbfa04]" test-instance-name="" name="verify_execution" duration-ms="339" started-at="2017-02-03T14:33:02Z" finished-at="2017-02-03T14:33:02Z">
          <params>
            <param index="0">
              <value>
                <![CDATA[{Machine=, Browser=, TC_ID=, Keyword=VERIFY_TEXT, Object_Name=version, Object_Type=id, Value=Version 5.1, Running_Flag=Y, Description=Verifying version no of bpa}]]>
              </value>
            </param>
          </params>
          <reporter-output>
          </reporter-output>
        </test-method> <!-- verify_execution -->
        <test-method status="PASS" signature="verify_execution(java.util.Map)[pri:0, instance:com.poc.ReportingStructure.BPA_Smoke_Login_TC001@3abbfa04]" test-instance-name="" name="verify_execution" duration-ms="228" started-at="2017-02-03T14:33:02Z" finished-at="2017-02-03T14:33:02Z">
          <params>
            <param index="0">
              <value>
                <![CDATA[{Machine=, Browser=, TC_ID=, Keyword=CLICK_BUTTON, Object_Name=logout, Object_Type=class, Value=, Running_Flag=Y, Description=Clicking logout button}]]>
              </value>
            </param>
          </params>
          <reporter-output>
          </reporter-output>
        </test-method> <!-- verify_execution -->
        <test-method status="PASS" signature="verify_execution(java.util.Map)[pri:0, instance:com.poc.ReportingStructure.BPA_Smoke_Login_TC001@3abbfa04]" test-instance-name="" name="verify_execution" duration-ms="72" started-at="2017-02-03T14:33:02Z" finished-at="2017-02-03T14:33:02Z">
          <params>
            <param index="0">
              <value>
                <![CDATA[{Machine=, Browser=, TC_ID=, Keyword=WAIT_FOR_PAGE_TO_LOAD, Object_Name=, Object_Type=, Value=, Running_Flag=Y, Description=waiting for page to load}]]>
              </value>
            </param>
          </params>
          <reporter-output>
          </reporter-output>
        </test-method> <!-- verify_execution -->
        <test-method status="PASS" signature="verify_execution(java.util.Map)[pri:0, instance:com.poc.ReportingStructure.BPA_Smoke_Login_TC001@3abbfa04]" test-instance-name="" name="verify_execution" duration-ms="500" started-at="2017-02-03T14:33:02Z" finished-at="2017-02-03T14:33:03Z">
          <params>
            <param index="0">
              <value>
                <![CDATA[{Machine=, Browser=, TC_ID=, Keyword=VERIFY_TEXT, Object_Name=logout_message, Object_Type=tagName, Value=You have successfully logged out of Book Print Archive, Running_Flag=Y, Description=Verifying logout message}]]>
              </value>
            </param>
          </params>
          <reporter-output>
          </reporter-output>
        </test-method> <!-- verify_execution -->
        <test-method status="PASS" signature="verify_execution(java.util.Map)[pri:0, instance:com.poc.ReportingStructure.BPA_Smoke_Login_TC001@3abbfa04]" test-instance-name="" name="verify_execution" duration-ms="1954" started-at="2017-02-03T14:33:03Z" finished-at="2017-02-03T14:33:05Z">
          <params>
            <param index="0">
              <value>
                <![CDATA[{Machine=, Browser=, TC_ID=, Keyword=TERMINATE, Object_Name=, Object_Type=, Value=, Running_Flag=Y, Description=Execution completed}]]>
              </value>
            </param>
          </params>
          <reporter-output>
          </reporter-output>
        </test-method> <!-- verify_execution -->
        <test-method status="PASS" signature="verify_execution(java.util.Map)[pri:0, instance:com.poc.ReportingStructure.BPA_Smoke_Login_TC001@3abbfa04]" test-instance-name="" name="verify_execution" duration-ms="2" started-at="2017-02-03T14:33:05Z" finished-at="2017-02-03T14:33:05Z">
          <params>
            <param index="0">
              <value>
                <![CDATA[{Machine=, Browser=, TC_ID=, Keyword=EXIT, Object_Name=, Object_Type=, Value=, Running_Flag=, Description=}]]>
              </value>
            </param>
          </params>
          <reporter-output>
          </reporter-output>
        </test-method> <!-- verify_execution -->
        <test-method status="PASS" signature="verify_execution(java.util.Map)[pri:0, instance:com.poc.ReportingStructure.BPA_Smoke_Login_TC001@3abbfa04]" test-instance-name="" name="verify_execution" duration-ms="0" started-at="2017-02-03T14:33:05Z" finished-at="2017-02-03T14:33:05Z">
          <params>
            <param index="0">
              <value>
                <![CDATA[{Machine=, Browser=, TC_ID=, Keyword=, Object_Name=, Object_Type=, Value=, Running_Flag=, Description=}]]>
              </value>
            </param>
          </params>
          <reporter-output>
          </reporter-output>
        </test-method> <!-- verify_execution -->
        <test-method status="PASS" signature="verify_execution(java.util.Map)[pri:0, instance:com.poc.ReportingStructure.BPA_Smoke_Login_TC001@3abbfa04]" test-instance-name="" name="verify_execution" duration-ms="1" started-at="2017-02-03T14:33:05Z" finished-at="2017-02-03T14:33:05Z">
          <params>
            <param index="0">
              <value>
                <![CDATA[{Machine=, Browser=, TC_ID=, Keyword=, Object_Name=, Object_Type=, Value=, Running_Flag=, Description=}]]>
              </value>
            </param>
          </params>
          <reporter-output>
          </reporter-output>
        </test-method> <!-- verify_execution -->
      </class> <!-- com.poc.ReportingStructure.BPA_Smoke_Login_TC001 -->
    </test> <!-- BPA Report Demo 1 -->
  </suite> <!-- BPA Reporting POC -->
</testng-results>
